2023-01-29 00:32:09
array (
  'phone' => '+79939169434',
  'list' => 'ItbQYx763hjyzXIjw1bJobww',
  'subform' => 'yes',
)

2023-02-01 18:58:37
array (
  'phone' => '+79190524279',
  'list' => 'ItbQYx763hjyzXIjw1bJobww',
  'subform' => 'yes',
)

2023-02-02 21:01:43
array (
  'phone' => '+79773675967',
  'list' => 'ItbQYx763hjyzXIjw1bJobww',
  'subform' => 'yes',
)

2023-02-03 10:52:03
array (
  'phone' => '+789871149490',
  'list' => 'ItbQYx763hjyzXIjw1bJobww',
  'subform' => 'yes',
)

2023-02-04 08:27:48
array (
  'phone' => '+789131782895',
  'list' => 'ItbQYx763hjyzXIjw1bJobww',
  'subform' => 'yes',
)


2023-02-04 17:00:15
array (
  'n_1_tel' => '',
  'list' => 'ItbQYx763hjyzXIjw1bJobww',
  'subform' => 'yes',
)

2023-02-04 17:00:15
array (
  'n_1_tel' => '',
  'list' => 'ItbQYx763hjyzXIjw1bJobww',
  'subform' => 'yes',
)

2023-02-04 17:00:15
array (
  'n_1_tel' => '',
  'list' => 'ItbQYx763hjyzXIjw1bJobww',
  'subform' => 'yes',
)

2023-02-04 17:00:16
array (
  'n_1_tel' => '',
  'list' => 'ItbQYx763hjyzXIjw1bJobww',
  'subform' => 'yes',
)

2023-02-04 20:37:44
array (
  'n_1_tel' => '',
  'list' => 'ItbQYx763hjyzXIjw1bJobww',
  'subform' => 'yes',
)

2023-02-05 08:47:31
array (
  'phone' => '+789500249088',
  'list' => 'ItbQYx763hjyzXIjw1bJobww',
  'subform' => 'yes',
)

2023-02-06 20:04:24
array (
  'phone' => '+789347334964',
  'list' => 'ItbQYx763hjyzXIjw1bJobww',
  'subform' => 'yes',
)

2023-02-06 21:46:19
array (
  'phone' => '+789362400518',
  'list' => 'ItbQYx763hjyzXIjw1bJobww',
  'subform' => 'yes',
)

2023-02-06 22:52:01
array (
  'n_1_tel' => '9726568809',
  'list' => 'ItbQYx763hjyzXIjw1bJobww',
  'subform' => 'yes',
)

2023-02-07 03:11:04
array (
  'phone' => '+789235464475',
  'list' => 'ItbQYx763hjyzXIjw1bJobww',
  'subform' => 'yes',
)

2023-02-08 13:30:23
array (
  'phone' => '+789788302928',
  'list' => 'ItbQYx763hjyzXIjw1bJobww',
  'subform' => 'yes',
)

2023-02-08 14:34:22
array (
  'phone' => '+79067042281',
  'list' => 'ItbQYx763hjyzXIjw1bJobww',
  'subform' => 'yes',
)

2023-02-09 17:19:55
array (
  'phone' => '+79530257821',
  'list' => 'ItbQYx763hjyzXIjw1bJobww',
  'subform' => 'yes',
)

2023-02-09 23:10:51


2023-02-10 13:24:22
array (
  'phone' => '+789809970186',
  'list' => 'ItbQYx763hjyzXIjw1bJobww',
  'subform' => 'yes',
)

2023-02-12 23:16:58
array (
  'phone' => '+79067042281',
  'list' => 'ItbQYx763hjyzXIjw1bJobww',
  'subform' => 'yes',
)

2023-02-13 14:46:16
array (
  'phone' => '+79067042281',
  'list' => 'ItbQYx763hjyzXIjw1bJobww',
  'subform' => 'yes',
)

2023-02-13 14:48:53
array (
  'phone' => '+79067042281',
  'list' => 'ItbQYx763hjyzXIjw1bJobww',
  'subform' => 'yes',
)

2023-02-14 13:46:04
array (
  'phone' => '+79852122562',
  'list' => 'ItbQYx763hjyzXIjw1bJobww',
  'subform' => 'yes',
)

2023-02-14 17:23:54
array (
  'phone' => '+79114795715',
  'list' => 'ItbQYx763hjyzXIjw1bJobww',
  'subform' => 'yes',
)

2023-02-14 22:39:18
array (
  'name' => 'test',
  'email' => 'test@tses.ru',
  'phone' => '+793847474777',
  'packet' => 'Личный финансовый консультант',
  'list' => 'ItbQYx763hjyzXIjw1bJobww',
  'subform' => 'yes',
  'form' => 'bottom',
)

2023-02-16 17:48:40
array (
  'phone' => '+79110175571',
  'list' => 'ItbQYx763hjyzXIjw1bJobww',
  'subform' => 'yes',
)

2023-02-19 21:21:43
array (
  'phone' => '+7111111111',
  'list' => 'ItbQYx763hjyzXIjw1bJobww',
  'subform' => 'yes',
)

2023-02-19 21:22:07
array (
  'name' => 'Test',
  'email' => 'Vhjj@bl.ru',
  'phone' => '+711111111',
  'packet' => 'Интересующая услуга',
  'list' => 'ItbQYx763hjyzXIjw1bJobww',
  'subform' => 'yes',
  'form' => 'bottom',
)

2023-02-20 03:12:23
array (
  'phone' => '+79817831259',
  'list' => 'ItbQYx763hjyzXIjw1bJobww',
  'subform' => 'yes',
)

2023-02-20 12:00:28
array (
  'phone' => '+79181716171',
  'list' => 'ItbQYx763hjyzXIjw1bJobww',
  'subform' => 'yes',
)

2023-02-20 18:06:05
array (
  'phone' => '+79111333223',
  'list' => 'ItbQYx763hjyzXIjw1bJobww',
  'subform' => 'yes',
)

2023-02-22 11:45:27
array (
  'phone' => '+79169763750',
  'list' => 'ItbQYx763hjyzXIjw1bJobww',
  'subform' => 'yes',
)

2023-02-23 15:37:53
array (
  'name' => 'Анна',
  'email' => 'kogan.anita@yandex.ru',
  'phone' => '+79683385558',
  'packet' => 'Экспресс-консультация',
  'list' => 'ItbQYx763hjyzXIjw1bJobww',
  'subform' => 'yes',
  'form' => 'bottom',
)

2023-02-24 20:23:07
array (
  'phone' => '+79260001026',
  'list' => 'ItbQYx763hjyzXIjw1bJobww',
  'subform' => 'yes',
)

2023-02-26 09:27:33
array (
  'phone' => '+789213483444',
  'list' => 'ItbQYx763hjyzXIjw1bJobww',
  'subform' => 'yes',
)

2023-02-26 10:43:31
array (
  'n_1_tel' => '',
  'list' => 'ItbQYx763hjyzXIjw1bJobww',
  'subform' => 'yes',
)

2023-02-26 13:26:28
array (
  'n_1_tel' => '',
  'list' => 'ItbQYx763hjyzXIjw1bJobww',
  'subform' => 'yes',
)

2023-02-27 12:51:44
array (
  'name' => 'Андрей',
  'email' => 'andrey_lakky@icloud.com',
  'phone' => '+79251112369',
  'packet' => 'Индивидуальный портфель',
  'list' => 'ItbQYx763hjyzXIjw1bJobww',
  'subform' => 'yes',
  'form' => 'bottom',
)

2023-02-27 16:35:01
array (
  'phone' => '+79180896737',
  'list' => 'ItbQYx763hjyzXIjw1bJobww',
  'subform' => 'yes',
)

2023-03-02 12:15:10
array (
  'phone' => '+79068007803',
  'list' => 'ItbQYx763hjyzXIjw1bJobww',
  'subform' => 'yes',
)

2023-03-02 12:15:58
array (
  'phone' => '+79068007803',
  'list' => 'ItbQYx763hjyzXIjw1bJobww',
  'subform' => 'yes',
)

2023-03-02 13:23:10
array (
  'n_1_tel' => '',
  'list' => 'ItbQYx763hjyzXIjw1bJobww',
  'subform' => 'yes',
)

2023-03-02 13:23:13
array (
  'n_1_tel' => '',
  'list' => 'ItbQYx763hjyzXIjw1bJobww',
  'subform' => 'yes',
)

2023-03-02 13:23:14
array (
  'n_1_tel' => '',
  'list' => 'ItbQYx763hjyzXIjw1bJobww',
  'subform' => 'yes',
)

2023-03-02 13:23:14
array (
  'n_1_tel' => '',
  'list' => 'ItbQYx763hjyzXIjw1bJobww',
  'subform' => 'yes',
)

2023-03-02 13:23:14
array (
  'n_1_tel' => '',
  'list' => 'ItbQYx763hjyzXIjw1bJobww',
  'subform' => 'yes',
)

2023-03-02 13:23:19
array (
  'n_1_tel' => '',
  'list' => 'ItbQYx763hjyzXIjw1bJobww',
  'subform' => 'yes',
)

2023-03-02 13:23:21
array (
  'n_1_tel' => '',
  'list' => 'ItbQYx763hjyzXIjw1bJobww',
  'subform' => 'yes',
)

2023-03-02 13:23:21
array (
  'n_1_tel' => '',
  'list' => 'ItbQYx763hjyzXIjw1bJobww',
  'subform' => 'yes',
)

2023-03-02 13:23:21
array (
  'n_1_tel' => '',
  'list' => 'ItbQYx763hjyzXIjw1bJobww',
  'subform' => 'yes',
)

2023-03-02 13:23:22
array (
  'n_1_tel' => '',
  'list' => 'ItbQYx763hjyzXIjw1bJobww',
  'subform' => 'yes',
)

2023-03-02 13:23:23
array (
  'n_1_tel' => '',
  'list' => 'ItbQYx763hjyzXIjw1bJobww',
  'subform' => 'yes',
)

2023-03-02 13:23:28
array (
  'n_1_tel' => '',
  'list' => 'ItbQYx763hjyzXIjw1bJobww',
  'subform' => 'yes',
)

2023-03-02 13:23:28
array (
  'n_1_tel' => '',
  'list' => 'ItbQYx763hjyzXIjw1bJobww',
  'subform' => 'yes',
)

2023-03-02 13:23:28
array (
  'n_1_tel' => '',
  'list' => 'ItbQYx763hjyzXIjw1bJobww',
  'subform' => 'yes',
)

2023-03-02 13:23:29
array (
  'n_1_tel' => '',
  'list' => 'ItbQYx763hjyzXIjw1bJobww',
  'subform' => 'yes',
)

2023-03-02 13:23:29
array (
  'n_1_tel' => '',
  'list' => 'ItbQYx763hjyzXIjw1bJobww',
  'subform' => 'yes',
)

2023-03-02 13:23:37
array (
  'n_1_tel' => '',
  'list' => 'ItbQYx763hjyzXIjw1bJobww',
  'subform' => 'yes',
)

2023-03-02 13:23:38
array (
  'n_1_tel' => '',
  'list' => 'ItbQYx763hjyzXIjw1bJobww',
  'subform' => 'yes',
)

2023-03-02 13:23:39
array (
  'n_1_tel' => '',
  'list' => 'ItbQYx763hjyzXIjw1bJobww',
  'subform' => 'yes',
)

2023-03-02 13:23:39
array (
  'n_1_tel' => '',
  'list' => 'ItbQYx763hjyzXIjw1bJobww',
  'subform' => 'yes',
)

2023-03-02 13:23:39
array (
  'n_1_tel' => '',
  'list' => 'ItbQYx763hjyzXIjw1bJobww',
  'subform' => 'yes',
)

2023-03-02 13:23:39
array (
  'n_1_tel' => '',
  'list' => 'ItbQYx763hjyzXIjw1bJobww',
  'subform' => 'yes',
)

2023-03-02 13:23:40
array (
  'n_1_tel' => '',
  'list' => 'ItbQYx763hjyzXIjw1bJobww',
  'subform' => 'yes',
)

2023-03-02 13:23:40
array (
  'n_1_tel' => '',
  'list' => 'ItbQYx763hjyzXIjw1bJobww',
  'subform' => 'yes',
)

2023-03-02 13:48:47
array (
  'phone' => '+79181540202',
  'list' => 'ItbQYx763hjyzXIjw1bJobww',
  'subform' => 'yes',
)

2023-03-06 12:25:58
array (
  'name' => 'тест',
  'email' => 'ivan.kyzmich.1982@gmail.cjm',
  'phone' => '+375292216969',
  'packet' => 'Экспресс-консультация',
  'list' => 'ItbQYx763hjyzXIjw1bJobww',
  'subform' => 'yes',
  'form' => 'bottom',
)

2023-03-09 19:50:56
array (
  'phone' => '+7796164313201',
  'list' => 'ItbQYx763hjyzXIjw1bJobww',
  'subform' => 'yes',
)

2023-03-10 15:09:07
array (
  'name' => 'Иван',
  'email' => 'Ivan@gmail.com',
  'phone' => '+70000092253',
  'packet' => 'Экспресс-консультация',
  'list' => 'ItbQYx763hjyzXIjw1bJobww',
  'subform' => 'yes',
  'form' => 'bottom',
)

2023-03-10 15:52:46
array (
  'name' => 'Иван',
  'email' => 'Ivan@gmail.com',
  'phone' => '+79067022288',
  'packet' => 'Экспресс-консультация',
  'list' => 'ItbQYx763hjyzXIjw1bJobww',
  'subform' => 'yes',
  'form' => 'bottom',
)

2023-03-14 19:30:24
array (
  'name' => 'Иван',
  'email' => 'Ivan@gmail.com',
  'phone' => '+79067022281',
  'packet' => 'Экспресс-консультация',
  'list' => 'ItbQYx763hjyzXIjw1bJobww',
  'subform' => 'yes',
  'form' => 'bottom',
)

2023-03-15 23:04:48
array (
  'name' => 'Иван',
  'email' => 'Ivan@gmail.com',
  'phone' => '+79067041181',
  'packet' => 'Экспресс-консультация',
  'list' => 'ItbQYx763hjyzXIjw1bJobww',
  'subform' => 'yes',
  'form' => 'bottom',
)

2023-03-23 12:53:03
array (
  'phone' => '+79824723547',
  'list' => 'ItbQYx763hjyzXIjw1bJobww',
  'subform' => 'yes',
)

2023-03-28 12:37:29
array (
  'phone' => '+79534403423',
  'list' => 'ItbQYx763hjyzXIjw1bJobww',
  'subform' => 'yes',
)

2023-04-11 10:11:57
array (
  'phone' => '+779307910238',
  'list' => 'ItbQYx763hjyzXIjw1bJobww',
  'subform' => 'yes',
)